<?xml version="1.0" encoding="UTF-8" ?>
<testsuite errors="0" failures="0" hostname="Floppa" name="org.example.UtilsTest" skipped="0" tests="12" time="0.048" timestamp="2024-04-08T14:27:54">
  <properties>
[...]
</properties>
  <testcase classname="org.example.UtilsTest" name="testValidationTrue" time="0.002" />
  <testcase classname="org.example.UtilsTest" name="testCheckHitFalse" time="0.0" />
  <testcase classname="org.example.UtilsTest" name="testRectangleAreaHit" time="0.0" />
  <testcase classname="org.example.UtilsTest" name="testTriangleAreaHit" time="0.0" />
  <testcase classname="org.example.UtilsTest" name="testCircleAreaMiss" time="0.0" />
  <testcase classname="org.example.UtilsTest" name="testValidationFalseR" time="0.0" />
  <testcase classname="org.example.UtilsTest" name="testValidationFalseX" time="0.0" />
  <testcase classname="org.example.UtilsTest" name="testValidationFalseY" time="0.0" />
  <testcase classname="org.example.UtilsTest" name="testRectangleAreaMiss" time="0.0" />
  <testcase classname="org.example.UtilsTest" name="testCircleAreaHit" time="0.0" />
  <testcase classname="org.example.UtilsTest" name="testTriangleAreaMiss" time="0.0" />
  <testcase classname="org.example.UtilsTest" name="testCheckHitTrue" time="0.001" />
  <system-out><![CDATA[]]></system-out>
  <system-err><![CDATA[]]></system-err>
</testsuite>
